<?xml version="1.0" encoding="UTF-8"?>
<testng-results ignored="0" total="1" passed="1" failed="0" skipped="0">
  <reporter-output>
  </reporter-output>
  <suite started-at="2022-12-04T12:14:58 EST" name="Default suite" finished-at="2022-12-04T12:15:05 EST" duration-ms="6605">
    <groups>
    </groups>
    <test started-at="2022-12-04T12:14:58 EST" name="Default test" finished-at="2022-12-04T12:15:05 EST" duration-ms="6605">
      <class name="Com.qa.fifa.SearchTest">
        <test-method signature="validateSearch()[pri:0, instance:Com.qa.fifa.SearchTest@57cf54e1]" started-at="2022-12-04T12:14:58 EST" name="validateSearch" finished-at="2022-12-04T12:15:05 EST" duration-ms="6564" status="PASS">
          <reporter-output>
          </reporter-output>
        </test-method> <!-- validateSearch -->
      </class> <!-- Com.qa.fifa.SearchTest -->
    </test> <!-- Default test -->
  </suite> <!-- Default suite -->
</testng-results>
